<?xml version="1.0" encoding="UTF-8"?>
<testng-results skipped="0" failed="0" ignored="0" total="1" passed="1">
  <reporter-output>
  </reporter-output>
  <suite name="Default suite" duration-ms="3215" started-at="2022-04-24T11:45:42Z" finished-at="2022-04-24T11:45:45Z">
    <groups>
    </groups>
    <test name="Default test" duration-ms="3215" started-at="2022-04-24T11:45:42Z" finished-at="2022-04-24T11:45:45Z">
      <class name="org.api.automation.testcase.PutSerial2">
        <test-method status="PASS" signature="secondDatRestOne()[pri:0, instance:org.api.automation.testcase.PutSerial2@4b9e13df]" name="secondDatRestOne" duration-ms="3198" started-at="2022-04-24T11:45:42Z" finished-at="2022-04-24T11:45:45Z">
          <reporter-output>
          </reporter-output>
        </test-method> <!-- secondDatRestOne -->
      </class> <!-- org.api.automation.testcase.PutSerial2 -->
    </test> <!-- Default test -->
  </suite> <!-- Default suite -->
</testng-results>
