<?xml version="1.0" encoding="UTF-8"?>
<testng-results skipped="0" failed="0" ignored="0" total="2" passed="2">
  <reporter-output>
  </reporter-output>
  <suite name="Default suite" duration-ms="19596" started-at="2022-04-28T04:17:25Z" finished-at="2022-04-28T04:17:45Z">
    <groups>
    </groups>
    <test name="Default test" duration-ms="19596" started-at="2022-04-28T04:17:25Z" finished-at="2022-04-28T04:17:45Z">
      <class name="main.FirstAppiumClass">
        <test-method status="PASS" signature="setupDriver()[pri:0, instance:main.FirstAppiumClass@31ef45e3]" name="setupDriver" is-config="true" duration-ms="33537" started-at="2022-04-28T04:16:52Z" finished-at="2022-04-28T04:17:25Z">
          <reporter-output>
          </reporter-output>
        </test-method> <!-- setupDriver -->
        <test-method status="PASS" signature="FirstAppiumMethod()[pri:0, instance:main.FirstAppiumClass@31ef45e3]" name="FirstAppiumMethod" duration-ms="5" started-at="2022-04-28T04:17:25Z" finished-at="2022-04-28T04:17:25Z">
          <reporter-output>
          </reporter-output>
        </test-method> <!-- FirstAppiumMethod -->
        <test-method status="PASS" signature="dropDown()[pri:0, instance:main.FirstAppiumClass@31ef45e3]" name="dropDown" duration-ms="19574" started-at="2022-04-28T04:17:25Z" finished-at="2022-04-28T04:17:45Z">
          <reporter-output>
          </reporter-output>
        </test-method> <!-- dropDown -->
        <test-method status="PASS" signature="closeDriver()[pri:0, instance:main.FirstAppiumClass@31ef45e3]" name="closeDriver" is-config="true" duration-ms="1254" started-at="2022-04-28T04:17:45Z" finished-at="2022-04-28T04:17:46Z">
          <reporter-output>
          </reporter-output>
        </test-method> <!-- closeDriver -->
      </class> <!-- main.FirstAppiumClass -->
    </test> <!-- Default test -->
  </suite> <!-- Default suite -->
</testng-results>
